Build started 2013/7/26 15:00:17.
     1>Project "C:\Users\Woud\Documents\Visual Studio 2012\Projects\TouhouScriptEngine\TouhouScriptEngine\TouhouScriptEngine.vcxproj" on node 2 (Build target(s)).
     1>InitializeBuildStatus:
         Creating "Debug\TouhouScriptEngine.unsuccessfulbuild" because "AlwaysCreate" was specified.
       ClCompile:
         C:\Program Files (x86)\Microsoft Visual Studio 11.0\VC\bin\CL.exe /c /ZI /nologo /W3 /WX- /sdl /Od /Oy- /D WIN32 /D _DEBUG /D _CONSOLE /D _UNICODE /D UNICODE /Gm /EHsc /RTC1 /MDd /GS /fp:precise /Zc:wchar_t /Zc:forScope /Fo"Debug\\" /Fd"Debug\vc110.pdb" /Gd /TP /analyze- /errorReport:prompt Parser.cpp
         Parser.cpp
     1>c:\users\woud\documents\visual studio 2012\projects\touhouscriptengine\touhouscriptengine\parser.cpp(250): warning C4101: 'r_stmt' : unreferenced local variable
     1>c:\users\woud\documents\visual studio 2012\projects\touhouscriptengine\touhouscriptengine\parser.cpp(608): warning C4715: 'Parser::_factor' : not all control paths return a value
       Link:
         C:\Program Files (x86)\Microsoft Visual Studio 11.0\VC\bin\link.exe /ERRORREPORT:PROMPT /OUT:"C:\Users\Woud\Documents\Visual Studio 2012\Projects\TouhouScriptEngine\Debug\TouhouScriptEngine.exe" /INCREMENTAL /NOLOGO kernel32.lib user32.lib gdi32.lib winspool.lib comdlg32.lib advapi32.lib shell32.lib ole32.lib oleaut32.lib uuid.lib odbc32.lib odbccp32.lib /MANIFEST /MANIFESTUAC:"level='asInvoker' uiAccess='false'" /manifest:embed /DEBUG /PDB:"C:\Users\Woud\Documents\Visual Studio 2012\Projects\TouhouScriptEngine\Debug\TouhouScriptEngine.pdb" /SUBSYSTEM:CONSOLE /TLBID:1 /DYNAMICBASE /NXCOMPAT /IMPLIB:"C:\Users\Woud\Documents\Visual Studio 2012\Projects\TouhouScriptEngine\Debug\TouhouScriptEngine.lib" /MACHINE:X86 Debug\FileMgr.obj
         Debug\function.obj
         Debug\Lexer.obj
         Debug\main.obj
         Debug\Node.obj
         Debug\Parser.obj
         Debug\Symbol.obj
         Debug\SymbolTable.obj
         Debug\THScript.obj
         Debug\THScriptMgr.obj
         TouhouScriptEngine.vcxproj -> C:\Users\Woud\Documents\Visual Studio 2012\Projects\TouhouScriptEngine\Debug\TouhouScriptEngine.exe
       FinalizeBuildStatus:
         Deleting file "Debug\TouhouScriptEngine.unsuccessfulbuild".
         Touching "Debug\TouhouScriptEngine.lastbuildstate".
     1>Done Building Project "C:\Users\Woud\Documents\Visual Studio 2012\Projects\TouhouScriptEngine\TouhouScriptEngine\TouhouScriptEngine.vcxproj" (Build target(s)).

Build succeeded.

Time Elapsed 00:00:03.23
